[debug] [2021-10-16T16:57:21.084Z] ----------------------------------------------------------------------
[debug] [2021-10-16T16:57:21.086Z] Command:       C:\Program Files\nodejs\node.exe C:\Users\corpo\AppData\Roaming\npm\node_modules\firebase-tools\lib\bin\firebase.js emulators:start
[debug] [2021-10-16T16:57:21.086Z] CLI Version:   9.20.0
[debug] [2021-10-16T16:57:21.087Z] Platform:      win32
[debug] [2021-10-16T16:57:21.087Z] Node Version:  v12.18.4
[debug] [2021-10-16T16:57:21.088Z] Time:          Sat Oct 16 2021 11:57:21 GMT-0500 (Central Daylight Time)
[debug] [2021-10-16T16:57:21.088Z] ----------------------------------------------------------------------
[debug] 
[debug] [2021-10-16T16:57:21.161Z] > command requires scopes: ["email","openid","https://www.googleapis.com/auth/cloudplatformprojects.readonly","https://www.googleapis.com/auth/firebase","https://www.googleapis.com/auth/cloud-platform"]
[debug] [2021-10-16T16:57:21.161Z] > authorizing via signed-in user (shadowcloud131@gmail.com)
[info] i  emulators: Starting emulators: auth, functions, database {"metadata":{"emulator":{"name":"hub"},"message":"Starting emulators: auth, functions, database"}}
[debug] [2021-10-16T16:57:23.208Z] [hub] writing locator at C:\Users\corpo\AppData\Local\Temp\hub-commerce-app-f07c4.json
[warn] !  functions: The following emulators are not running, calls to these services from the Functions emulator will affect production: firestore, hosting, pubsub, storage {"metadata":{"emulator":{"name":"functions"},"message":"The following emulators are not running, calls to these services from the Functions emulator will affect production: \u001b[1mfirestore, hosting, pubsub, storage\u001b[22m"}}
[warn] !  Your requested "node" version "14" doesn't match your global version "12" {"metadata":{"emulator":{"name":"functions"},"message":"Your requested \"node\" version \"14\" doesn't match your global version \"12\""}}
[debug] [2021-10-16T16:57:25.257Z] defaultcredentials: writing to file C:\Users\corpo\AppData\Roaming\firebase\shadowcloud131_gmail_com_application_default_credentials.json
[debug] [2021-10-16T16:57:25.259Z] Setting GAC to C:\Users\corpo\AppData\Roaming\firebase\shadowcloud131_gmail_com_application_default_credentials.json {"metadata":{"emulator":{"name":"functions"},"message":"Setting GAC to C:\\Users\\corpo\\AppData\\Roaming\\firebase\\shadowcloud131_gmail_com_application_default_credentials.json"}}
[debug] [2021-10-16T16:57:25.262Z] > refreshing access token with scopes: []
[debug] [2021-10-16T16:57:25.263Z] >>> HTTP REQUEST POST https://www.googleapis.com/oauth2/v3/token  
 <request body omitted>
[debug] [2021-10-16T16:57:25.392Z] <<< HTTP RESPONSE 200 {"pragma":"no-cache","date":"Sat, 16 Oct 2021 16:57:24 GMT","cache-control":"no-cache, no-store, max-age=0, must-revalidate","expires":"Mon, 01 Jan 1990 00:00:00 GMT","content-type":"application/json; charset=utf-8","vary":"X-Origin, Referer, Origin,Accept-Encoding","server":"scaffolding on HTTPServer2","x-xss-protection":"0","x-frame-options":"SAMEORIGIN","x-content-type-options":"nosniff","alt-svc":"h3=\":443\"; ma=2592000,h3-29=\":443\"; ma=2592000,h3-T051=\":443\"; ma=2592000,h3-Q050=\":443\"; ma=2592000,h3-Q046=\":443\"; ma=2592000,h3-Q043=\":443\"; ma=2592000,quic=\":443\"; ma=2592000; v=\"46,43\"","accept-ranges":"none","transfer-encoding":"chunked"}
[debug] [2021-10-16T16:57:25.410Z] >>> [apiv2][query] GET https://firebase.googleapis.com/v1beta1/projects/commerce-app-f07c4/adminSdkConfig [none]
[debug] [2021-10-16T16:57:25.635Z] <<< [apiv2][status] GET https://firebase.googleapis.com/v1beta1/projects/commerce-app-f07c4/adminSdkConfig 200
[debug] [2021-10-16T16:57:25.635Z] <<< [apiv2][body] GET https://firebase.googleapis.com/v1beta1/projects/commerce-app-f07c4/adminSdkConfig {"projectId":"commerce-app-f07c4","databaseURL":"https://commerce-app-f07c4-default-rtdb.firebaseio.com","storageBucket":"commerce-app-f07c4.appspot.com"}
[debug] [2021-10-16T16:57:27.667Z] >>> [apiv2][query] GET https://firebase.googleapis.com/v1beta1/projects/commerce-app-f07c4 [none]
[debug] [2021-10-16T16:57:27.871Z] <<< [apiv2][status] GET https://firebase.googleapis.com/v1beta1/projects/commerce-app-f07c4 200
[debug] [2021-10-16T16:57:27.871Z] <<< [apiv2][body] GET https://firebase.googleapis.com/v1beta1/projects/commerce-app-f07c4 {"projectId":"commerce-app-f07c4","projectNumber":"243771325381","displayName":"Commerce-App","name":"projects/commerce-app-f07c4","resources":{"hostingSite":"commerce-app-f07c4","realtimeDatabaseInstance":"commerce-app-f07c4-default-rtdb"},"state":"ACTIVE"}
[debug] [2021-10-16T16:57:27.871Z] database rules config:  [{"instance":"commerce-app-f07c4-default-rtdb","rules":"D:\\Commerce_Bank_App\\Commerce-Banking-App\\database.rules.json"}]
[debug] [2021-10-16T16:57:27.880Z] Ignoring unsupported arg: projectId {"metadata":{"emulator":{"name":"database"},"message":"Ignoring unsupported arg: projectId"}}
[debug] [2021-10-16T16:57:27.880Z] Ignoring unsupported arg: auto_download {"metadata":{"emulator":{"name":"database"},"message":"Ignoring unsupported arg: auto_download"}}
[debug] [2021-10-16T16:57:27.880Z] Ignoring unsupported arg: rules {"metadata":{"emulator":{"name":"database"},"message":"Ignoring unsupported arg: rules"}}
[debug] [2021-10-16T16:57:27.880Z] Starting Database Emulator with command {"binary":"java","args":["-Duser.language=en","-jar","C:\\Users\\corpo\\.cache\\firebase\\emulators\\firebase-database-emulator-v4.7.2.jar","--host","localhost","--port",9000,"--functions_emulator_host","localhost","--functions_emulator_port",5001],"optionalArgs":["port","host","functions_emulator_port","functions_emulator_host"],"joinArgs":false} {"metadata":{"emulator":{"name":"database"},"message":"Starting Database Emulator with command {\"binary\":\"java\",\"args\":[\"-Duser.language=en\",\"-jar\",\"C:\\\\Users\\\\corpo\\\\.cache\\\\firebase\\\\emulators\\\\firebase-database-emulator-v4.7.2.jar\",\"--host\",\"localhost\",\"--port\",9000,\"--functions_emulator_host\",\"localhost\",\"--functions_emulator_port\",5001],\"optionalArgs\":[\"port\",\"host\",\"functions_emulator_port\",\"functions_emulator_host\"],\"joinArgs\":false}"}}
[info] i  database: Database Emulator logging to database-debug.log {"metadata":{"emulator":{"name":"database"},"message":"Database Emulator logging to \u001b[1mdatabase-debug.log\u001b[22m"}}
[debug] [2021-10-16T16:57:29.911Z] 11:57:29.909 [NamespaceSystem-akka.actor.default-dispatcher-4] INFO akka.event.slf4j.Slf4jLogger - Slf4jLogger started
 {"metadata":{"emulator":{"name":"database"},"message":"11:57:29.909 [NamespaceSystem-akka.actor.default-dispatcher-4] INFO akka.event.slf4j.Slf4jLogger - Slf4jLogger started\r\n"}}
[debug] [2021-10-16T16:57:30.076Z] 11:57:30.075 [main] INFO com.firebase.server.forge.App$ - Listening at localhost:9000
 {"metadata":{"emulator":{"name":"database"},"message":"11:57:30.075 [main] INFO com.firebase.server.forge.App$ - Listening at localhost:9000\r\n"}}
[debug] [2021-10-16T16:57:39.670Z] Ignoring unsupported arg: auto_download {"metadata":{"emulator":{"name":"ui"},"message":"Ignoring unsupported arg: auto_download"}}
[debug] [2021-10-16T16:57:39.670Z] Ignoring unsupported arg: port {"metadata":{"emulator":{"name":"ui"},"message":"Ignoring unsupported arg: port"}}
[debug] [2021-10-16T16:57:39.671Z] Starting Emulator UI with command {"binary":"node","args":["C:\\Users\\corpo\\.cache\\firebase\\emulators\\ui-v1.6.3\\server.bundle.js"],"optionalArgs":[],"joinArgs":false} {"metadata":{"emulator":{"name":"ui"},"message":"Starting Emulator UI with command {\"binary\":\"node\",\"args\":[\"C:\\\\Users\\\\corpo\\\\.cache\\\\firebase\\\\emulators\\\\ui-v1.6.3\\\\server.bundle.js\"],\"optionalArgs\":[],\"joinArgs\":false}"}}
[info] i  ui: Emulator UI logging to ui-debug.log {"metadata":{"emulator":{"name":"ui"},"message":"Emulator UI logging to \u001b[1mui-debug.log\u001b[22m"}}
[debug] [2021-10-16T16:58:46.876Z] Web / API server started at localhost:4000
 {"metadata":{"emulator":{"name":"ui"},"message":"Web / API server started at localhost:4000\n"}}
[info] i  functions: Watching "D:\Commerce_Bank_App\Commerce-Banking-App\functions" for Cloud Functions... {"metadata":{"emulator":{"name":"functions"},"message":"Watching \"D:\\Commerce_Bank_App\\Commerce-Banking-App\\functions\" for Cloud Functions..."}}
[debug] [2021-10-16T16:58:46.888Z] [worker-pool] addWorker(~diagnostic~) {"metadata":{"emulator":{"name":"functions"},"message":"[worker-pool] addWorker(~diagnostic~)"}}
[debug] [2021-10-16T16:58:46.888Z] [worker-pool] Adding worker with key ~diagnostic~, total=1 {"metadata":{"emulator":{"name":"functions"},"message":"[worker-pool] Adding worker with key ~diagnostic~, total=1"}}
[debug] [2021-10-16T16:58:46.888Z] [worker-pool] submitWork(triggerId=) {"metadata":{"emulator":{"name":"functions"},"message":"[worker-pool] submitWork(triggerId=)"}}
[debug] [2021-10-16T16:58:46.888Z] [worker-~diagnostic~-341cd620-10a1-4af8-9f6a-5cd62ea53c0d]: Assigning socketPath: \\?\pipe\D:\Commerce_Bank_App\Commerce-Banking-App\functions\68988 {"metadata":{"emulator":{"name":"functions"},"message":"[worker-~diagnostic~-341cd620-10a1-4af8-9f6a-5cd62ea53c0d]: Assigning socketPath: \\\\?\\pipe\\D:\\Commerce_Bank_App\\Commerce-Banking-App\\functions\\68988"}}
[debug] [2021-10-16T16:58:46.889Z] [worker-~diagnostic~-341cd620-10a1-4af8-9f6a-5cd62ea53c0d]: BUSY {"metadata":{"emulator":{"name":"functions"},"message":"[worker-~diagnostic~-341cd620-10a1-4af8-9f6a-5cd62ea53c0d]: BUSY"}}
[debug] [2021-10-16T16:58:47.132Z] [runtime-status] [68988] Functions runtime initialized. {"cwd":"D:\\Commerce_Bank_App\\Commerce-Banking-App\\functions","node_version":"12.18.4"} {"metadata":{"emulator":{"name":"functions"},"message":"[runtime-status] [68988] Functions runtime initialized. {\"cwd\":\"D:\\\\Commerce_Bank_App\\\\Commerce-Banking-App\\\\functions\",\"node_version\":\"12.18.4\"}"}}
[debug] [2021-10-16T16:58:47.133Z] [runtime-status] [68988] Disabled runtime features: undefined {"metadata":{"emulator":{"name":"functions"},"message":"[runtime-status] [68988] Disabled runtime features: undefined"}}
[debug] [2021-10-16T16:58:47.141Z] [runtime-status] [68988] Resolved module firebase-admin {"declared":true,"installed":true,"version":"9.12.0","resolution":"D:\\Commerce_Bank_App\\Commerce-Banking-App\\functions\\node_modules\\firebase-admin\\lib\\index.js"} {"metadata":{"emulator":{"name":"functions"},"message":"[runtime-status] [68988] Resolved module firebase-admin {\"declared\":true,\"installed\":true,\"version\":\"9.12.0\",\"resolution\":\"D:\\\\Commerce_Bank_App\\\\Commerce-Banking-App\\\\functions\\\\node_modules\\\\firebase-admin\\\\lib\\\\index.js\"}"}}
[debug] [2021-10-16T16:58:47.364Z] [runtime-status] [68988] Resolved module firebase-functions {"declared":true,"installed":true,"version":"3.15.7","resolution":"D:\\Commerce_Bank_App\\Commerce-Banking-App\\functions\\node_modules\\firebase-functions\\lib\\index.js"} {"metadata":{"emulator":{"name":"functions"},"message":"[runtime-status] [68988] Resolved module firebase-functions {\"declared\":true,\"installed\":true,\"version\":\"3.15.7\",\"resolution\":\"D:\\\\Commerce_Bank_App\\\\Commerce-Banking-App\\\\functions\\\\node_modules\\\\firebase-functions\\\\lib\\\\index.js\"}"}}
[debug] [2021-10-16T16:58:47.366Z] [runtime-status] [68988] Outgoing network have been stubbed. [{"name":"http","status":"mocked"},{"name":"http","status":"mocked"},{"name":"https","status":"mocked"},{"name":"https","status":"mocked"},{"name":"net","status":"mocked"}] {"metadata":{"emulator":{"name":"functions"},"message":"[runtime-status] [68988] Outgoing network have been stubbed. [{\"name\":\"http\",\"status\":\"mocked\"},{\"name\":\"http\",\"status\":\"mocked\"},{\"name\":\"https\",\"status\":\"mocked\"},{\"name\":\"https\",\"status\":\"mocked\"},{\"name\":\"net\",\"status\":\"mocked\"}]"}}
[debug] [2021-10-16T16:58:47.367Z] [runtime-status] [68988] Resolved module firebase-functions {"declared":true,"installed":true,"version":"3.15.7","resolution":"D:\\Commerce_Bank_App\\Commerce-Banking-App\\functions\\node_modules\\firebase-functions\\lib\\index.js"} {"metadata":{"emulator":{"name":"functions"},"message":"[runtime-status] [68988] Resolved module firebase-functions {\"declared\":true,\"installed\":true,\"version\":\"3.15.7\",\"resolution\":\"D:\\\\Commerce_Bank_App\\\\Commerce-Banking-App\\\\functions\\\\node_modules\\\\firebase-functions\\\\lib\\\\index.js\"}"}}
[debug] [2021-10-16T16:58:48.144Z] [runtime-status] [68988] Checked functions.config() {"config":{}} {"metadata":{"emulator":{"name":"functions"},"message":"[runtime-status] [68988] Checked functions.config() {\"config\":{}}"}}
[debug] [2021-10-16T16:58:48.144Z] [runtime-status] [68988] firebase-functions has been stubbed. {"functionsResolution":{"declared":true,"installed":true,"version":"3.15.7","resolution":"D:\\Commerce_Bank_App\\Commerce-Banking-App\\functions\\node_modules\\firebase-functions\\lib\\index.js"}} {"metadata":{"emulator":{"name":"functions"},"message":"[runtime-status] [68988] firebase-functions has been stubbed. {\"functionsResolution\":{\"declared\":true,\"installed\":true,\"version\":\"3.15.7\",\"resolution\":\"D:\\\\Commerce_Bank_App\\\\Commerce-Banking-App\\\\functions\\\\node_modules\\\\firebase-functions\\\\lib\\\\index.js\"}}"}}
[debug] [2021-10-16T16:58:48.145Z] [runtime-status] [68988] Resolved module firebase-functions {"declared":true,"installed":true,"version":"3.15.7","resolution":"D:\\Commerce_Bank_App\\Commerce-Banking-App\\functions\\node_modules\\firebase-functions\\lib\\index.js"} {"metadata":{"emulator":{"name":"functions"},"message":"[runtime-status] [68988] Resolved module firebase-functions {\"declared\":true,\"installed\":true,\"version\":\"3.15.7\",\"resolution\":\"D:\\\\Commerce_Bank_App\\\\Commerce-Banking-App\\\\functions\\\\node_modules\\\\firebase-functions\\\\lib\\\\index.js\"}"}}
[debug] [2021-10-16T16:58:48.147Z] [runtime-status] [68988] Resolved module firebase-admin {"declared":true,"installed":true,"version":"9.12.0","resolution":"D:\\Commerce_Bank_App\\Commerce-Banking-App\\functions\\node_modules\\firebase-admin\\lib\\index.js"} {"metadata":{"emulator":{"name":"functions"},"message":"[runtime-status] [68988] Resolved module firebase-admin {\"declared\":true,\"installed\":true,\"version\":\"9.12.0\",\"resolution\":\"D:\\\\Commerce_Bank_App\\\\Commerce-Banking-App\\\\functions\\\\node_modules\\\\firebase-admin\\\\lib\\\\index.js\"}"}}
[debug] [2021-10-16T16:58:48.148Z] [runtime-status] [68988] Resolved module firebase-functions {"declared":true,"installed":true,"version":"3.15.7","resolution":"D:\\Commerce_Bank_App\\Commerce-Banking-App\\functions\\node_modules\\firebase-functions\\lib\\index.js"} {"metadata":{"emulator":{"name":"functions"},"message":"[runtime-status] [68988] Resolved module firebase-functions {\"declared\":true,\"installed\":true,\"version\":\"3.15.7\",\"resolution\":\"D:\\\\Commerce_Bank_App\\\\Commerce-Banking-App\\\\functions\\\\node_modules\\\\firebase-functions\\\\lib\\\\index.js\"}"}}
[debug] [2021-10-16T16:58:48.148Z] [runtime-status] [68988] firebase-admin has been stubbed. {"adminResolution":{"declared":true,"installed":true,"version":"9.12.0","resolution":"D:\\Commerce_Bank_App\\Commerce-Banking-App\\functions\\node_modules\\firebase-admin\\lib\\index.js"}} {"metadata":{"emulator":{"name":"functions"},"message":"[runtime-status] [68988] firebase-admin has been stubbed. {\"adminResolution\":{\"declared\":true,\"installed\":true,\"version\":\"9.12.0\",\"resolution\":\"D:\\\\Commerce_Bank_App\\\\Commerce-Banking-App\\\\functions\\\\node_modules\\\\firebase-admin\\\\lib\\\\index.js\"}}"}}
[debug] [2021-10-16T16:58:48.162Z] >>> HTTP REQUEST PUT http://localhost:9000/.settings/rules.json?ns=commerce-app-f07c4-default-rtdb  
 {
  "rules": {
    ".read": "now < 1636869600000",  // 2021-11-14
    ".write": "now < 1636869600000",  // 2021-11-14
  }
}
[debug] [2021-10-16T16:58:48.164Z] [worker-~diagnostic~-341cd620-10a1-4af8-9f6a-5cd62ea53c0d]: IDLE {"metadata":{"emulator":{"name":"functions"},"message":"[worker-~diagnostic~-341cd620-10a1-4af8-9f6a-5cd62ea53c0d]: IDLE"}}
[debug] [2021-10-16T16:58:48.589Z] <<< HTTP RESPONSE 200 {"content-length":"15","content-type":"application/json; charset=utf-8","access-control-allow-origin":"*","cache-control":"no-cache","x-firebase-project-id":"commerce-app-f07c4-default-rtdb","x-firebase-project-number":"123456789","x-firebase-uuid":"4c4b1a52-ced5-4be3-bf4b-8e496145e9d5"}
[info] 
┌─────────────────────────────────────────────────────────────┐
│ ✔  All emulators ready! It is now safe to connect your app. │
│ i  View Emulator UI at http://localhost:4000                │
└─────────────────────────────────────────────────────────────┘

┌────────────────┬────────────────┬─────────────────────────────────┐
│ Emulator       │ Host:Port      │ View in Emulator UI             │
├────────────────┼────────────────┼─────────────────────────────────┤
│ Authentication │ localhost:9099 │ http://localhost:4000/auth      │
├────────────────┼────────────────┼─────────────────────────────────┤
│ Functions      │ localhost:5001 │ http://localhost:4000/functions │
├────────────────┼────────────────┼─────────────────────────────────┤
│ Database       │ localhost:9000 │ http://localhost:4000/database  │
└────────────────┴────────────────┴─────────────────────────────────┘
  Emulator Hub running at localhost:4400
  Other reserved ports: 4500

Issues? Report them at https://github.com/firebase/firebase-tools/issues and attach the *-debug.log files.
 
